<?xml version="1.0" encoding="UTF-8"?>
<!-- Generated by org.testng.reporters.JUnitReportReporter -->
<testsuite skipped="0" hostname="ANHROG" name="testclasses.BlankTest" tests="1" failures="0" timestamp="20 Aug 2017 15:50:01 GMT" time="0.005" errors="0">
  <testcase name="blankTest1" time="0.005" classname="testclasses.BlankTest"/>
</testsuite> <!-- testclasses.BlankTest -->
