<?xml version="1.0" encoding="UTF-8"?>
<!-- Generated by org.testng.reporters.JUnitReportReporter -->
<testsuite skipped="0" hostname="Anils-MacBook-Pro.local" name="tests.GoogleSearchFlightBookingTest" tests="1" failures="0" timestamp="12 Nov 2017 04:32:04 GMT" time="10.348" errors="0">
  <testcase name="flightcancel" time="10.348" classname="tests.GoogleSearchFlightBookingTest"/>
</testsuite> <!-- tests.GoogleSearchFlightBookingTest -->
