<?xml version="1.0" encoding="UTF-8"?>
<!-- Generated by org.testng.reporters.JUnitReportReporter -->
<testsuite skipped="0" hostname="ANHROG" name="studies.seleenium.test" tests="3" failures="0" timestamp="06 Mar 2017 04:16:30 GMT" time="18.844" errors="0">
  <testcase name="flightcancel" time="4.579" classname="studies.seleenium.test"/>
  <testcase name="flightbookingFactory" time="5.500" classname="studies.seleenium.test"/>
  <testcase name="flightbooking" time="8.765" classname="studies.seleenium.test"/>
</testsuite> <!-- studies.seleenium.test -->
