<?xml version="1.0" encoding="UTF-8"?>
<!-- Generated by org.testng.reporters.JUnitReportReporter -->
<testsuite skipped="0" hostname="ANHROG" name="studies.seleenium.pageNavigation" tests="1" failures="0" timestamp="27 Jun 2017 03:16:40 GMT" time="16.340" errors="0">
  <testcase name="test4" time="16.340" classname="studies.seleenium.pageNavigation"/>
</testsuite> <!-- studies.seleenium.pageNavigation -->
