<?xml version="1.0" encoding="UTF-8"?>
<!-- Generated by org.testng.reporters.JUnitReportReporter -->
<testsuite skipped="0" hostname="Anils-MacBook-Pro.local" name="tests.PageNavigationTest" tests="4" failures="0" timestamp="12 Nov 2017 04:31:59 GMT" time="42.017" errors="0">
  <testcase name="LestKodeIt_Test004" time="17.927" classname="tests.PageNavigationTest"/>
  <testcase name="DirectEnergy_test001" time="5.685" classname="tests.PageNavigationTest"/>
  <testcase name="LestKodeIt_Test001" time="14.495" classname="tests.PageNavigationTest"/>
  <testcase name="LestKodeIt_Test002" time="3.910" classname="tests.PageNavigationTest"/>
</testsuite> <!-- tests.PageNavigationTest -->
