<?xml version="1.0" encoding="UTF-8"?>
<!-- Generated by org.testng.reporters.JUnitReportReporter -->
<testsuite skipped="0" hostname="ANHROG" name="studies.seleenium.DesiredCapabilitiesDemo" tests="1" failures="0" timestamp="18 Jun 2017 22:53:45 GMT" time="1.688" errors="0">
  <testcase name="test1" time="1.688" classname="studies.seleenium.DesiredCapabilitiesDemo"/>
</testsuite> <!-- studies.seleenium.DesiredCapabilitiesDemo -->
