<?xml version="1.0" encoding="UTF-8"?>
<!-- Generated by org.testng.reporters.JUnitReportReporter -->
<testsuite skipped="0" hostname="ANHROG" name="studies.selenium.selectSamples" tests="1" failures="0" timestamp="04 Aug 2017 03:59:38 GMT" time="3.005" errors="0">
  <testcase name="selectMethod" time="3.005" classname="studies.selenium.selectSamples"/>
</testsuite> <!-- studies.selenium.selectSamples -->
