<?xml version="1.0" encoding="UTF-8"?>
<!-- Generated by org.testng.reporters.JUnitReportReporter -->
<testsuite skipped="0" hostname="ANHROG" name="tests.PageNavigationTest" tests="4" failures="0" timestamp="24 Sep 2017 01:40:00 GMT" time="34.662" errors="0">
  <testcase name="LestKodeIt_Test004" time="16.167" classname="tests.PageNavigationTest"/>
  <testcase name="DirectEnergy_test001" time="4.536" classname="tests.PageNavigationTest"/>
  <testcase name="LestKodeIt_Test001" time="9.379" classname="tests.PageNavigationTest"/>
  <testcase name="LestKodeIt_Test002" time="4.580" classname="tests.PageNavigationTest"/>
</testsuite> <!-- tests.PageNavigationTest -->
