<?xml version="1.0" encoding="UTF-8"?>
<!-- Generated by org.testng.reporters.JUnitReportReporter -->
<testsuite skipped="0" hostname="ANHROG" name="tests.GoogleSearchFlightBookingTest" tests="1" failures="0" timestamp="24 Sep 2017 01:40:00 GMT" time="8.586" errors="0">
  <testcase name="flightcancel" time="8.586" classname="tests.GoogleSearchFlightBookingTest"/>
</testsuite> <!-- tests.GoogleSearchFlightBookingTest -->
